1507034428738	geckodriver	INFO	geckodriver 0.19.0
1507034428746	geckodriver	INFO	Listening on 127.0.0.1:59133
1507034430821	mozrunner::runner	INFO	Running command: "C:\\Program Files\\Mozilla Firefox\\firefox.exe" "-marionette" "-profile" "C:\\Users\\FRANSP~1\\AppData\\Local\\Temp\\rust_mozprofile.QZDzj5OXQfNa"
1507034431137	addons.xpi	WARN	Error parsing extensions state: [Exception... "Component returned failure code: 0x80520012 (NS_ERROR_FILE_NOT_FOUND) [amIAddonManagerStartup.readStartupData]"  nsresult: "0x80520012 (NS_ERROR_FILE_NOT_FOUND)"  location: "JS frame :: resource://gre/modules/addons/XPIProvider.jsm :: loadExtensionState :: line 1596"  data: no] Stack trace: loadExtensionState()@resource://gre/modules/addons/XPIProvider.jsm:1596 < getInstallState()@resource://gre/modules/addons/XPIProvider.jsm:1631 < checkForChanges()@resource://gre/modules/addons/XPIProvider.jsm:3152 < startup()@resource://gre/modules/addons/XPIProvider.jsm:2246 < callProvider()@resource://gre/modules/AddonManager.jsm:271 < _startProvider()@resource://gre/modules/AddonManager.jsm:741 < startup()@resource://gre/modules/AddonManager.jsm:908 < startup()@resource://gre/modules/AddonManager.jsm:3122 < observe()@jar:file:///C:/Program%20Files/Mozilla%20Firefox/omni.ja!/components/addonManager.js:65
1507034431623	Marionette	INFO	Enabled via --marionette
Unable to read VR Path Registry from C:\Users\franspaco\AppData\Local\openvr\openvrpaths.vrpath
[GPU 4580] WARNING: pipe error: 109: file c:/builds/moz2_slave/m-rel-w64-00000000000000000000/build/src/ipc/chromium/src/chrome/common/ipc_channel_win.cc, line 346
Unable to read VR Path Registry from C:\Users\franspaco\AppData\Local\openvr\openvrpaths.vrpath
[Child 5216] WARNING: pipe error: 109: file c:/builds/moz2_slave/m-rel-w64-00000000000000000000/build/src/ipc/chromium/src/chrome/common/ipc_channel_win.cc, line 346
[Child 5216] WARNING: pipe error: 109: file c:/builds/moz2_slave/m-rel-w64-00000000000000000000/build/src/ipc/chromium/src/chrome/common/ipc_channel_win.cc, line 346
1507034433246	Marionette	INFO	Listening on port 59140
1507034433253	Marionette	INFO	Listening on port 59140
1507034433959	Marionette	WARN	TLS certificate errors will be ignored for this session
1507034434063	Marionette	DEBUG	loaded listener.js
[GPU 4580] WARNING: pipe error: 109: file c:/builds/moz2_slave/m-rel-w64-00000000000000000000/build/src/ipc/chromium/src/chrome/common/ipc_channel_win.cc, line 346
[GPU 4580] WARNING: pipe error: 109: file c:/builds/moz2_slave/m-rel-w64-00000000000000000000/build/src/ipc/chromium/src/chrome/common/ipc_channel_win.cc, line 346
Unable to read VR Path Registry from C:\Users\franspaco\AppData\Local\openvr\openvrpaths.vrpath
[Child 3340] WARNING: pipe error: 109: file c:/builds/moz2_slave/m-rel-w64-00000000000000000000/build/src/ipc/chromium/src/chrome/common/ipc_channel_win.cc, line 346

###!!! [Child][MessageChannel::SendAndWait] Error: Channel error: cannot send/recv

Unable to read VR Path Registry from C:\Users\franspaco\AppData\Local\openvr\openvrpaths.vrpath
rce://gre/modules/addons/XPIProvider.jsm:1631 < checkForChanges()@resource://gre/modules/addons/XPIProvider.jsm:3152 < startup()@resource://gre/modules/addons/XPIProvider.jsm:2246 < callProvider()@resource://gre/modules/AddonManager.jsm:271 < _startProvider()@resource://gre/modules/AddonManager.jsm:741 < startup()@resource://gre/modules/AddonManager.jsm:908 < startup()@resource://gre/modules/AddonManager.jsm:3122 < observe()@jar:file:///C:/Program%20Files/Mozilla%20Firefox/omni.ja!/components/addonManager.js:65
1507034450177	Marionette	INFO	Enabled via --marionette
Unable to read VR Path Registry from C:\Users\franspaco\AppData\Local\openvr\openvrpaths.vrpath
[Child 6624] WARNING: pipe error: 109: file c:/builds/moz2_slave/m-rel-w64-00000000000000000000/build/src/ipc/chromium/src/chrome/common/ipc_channel_win.cc, line 346
[Child 6624] WARNING: pipe error: 109: file c:/builds/moz2_slave/m-rel-w64-00000000000000000000/build/src/ipc/chromium/src/chrome/common/ipc_channel_win.cc, line 346
1507034451966	Marionette	INFO	Listening on port 59170
1507034451971	Marionette	INFO	Listening on port 59170
1507034452781	Marionette	WARN	TLS certificate errors will be ignored for this session
1507034452830	Marionette	DEBUG	loaded listener.js
1507034452891	Marionette	DEBUG	Received DOM event "beforeunload" for "about:blank"
1507034453048	Marionette	DEBUG	Received DOM event "pagehide" for "about:blank"
1507034453049	Marionette	DEBUG	Received DOM event "unload" for "about:blank"
1507034453289	Marionette	DEBUG	Received DOM event "DOMContentLoaded" for "http://nitrowriters.com/form/form.html"
1507034454374	Marionette	DEBUG	Received DOM event "pageshow" for "http://nitrowriters.com/form/form.html"
Unable to read VR Path Registry from C:\Users\franspaco\AppData\Local\openvr\openvrpaths.vrpath
[GPU 8780] WARNING: pipe error: 109: file c:/builds/moz2_slave/m-rel-w64-00000000000000000000/build/src/ipc/chromium/src/chrome/common/ipc_channel_win.cc, line 346
[GPU 8780] WARNING: pipe error: 109: file c:/builds/moz2_slave/m-rel-w64-00000000000000000000/build/src/ipc/chromium/src/chrome/common/ipc_channel_win.cc, line 346
Unable to read VR Path Registry from C:\Users\franspaco\AppData\Local\openvr\openvrpaths.vrpath
[Parent 12044] WARNING: pipe error: 109: file c:/builds/moz2_slave/m-rel-w64-00000000000000000000/build/src/ipc/chromium/src/chrome/common/ipc_channel_win.cc, line 346
Unable to read VR Path Registry from C:\Users\franspaco\AppData\Local\openvr\openvrpaths.vrpath
[Child 13376] WARNING: pipe error: 109: file c:/builds/moz2_slave/m-rel-w64-00000000000000000000/build/src/ipc/chromium/src/chrome/common/ipc_channel_win.cc, line 346
[Child 13376] WARNING: pipe error: 109: file c:/builds/moz2_slave/m-rel-w64-00000000000000000000/build/src/ipc/chromium/src/chrome/common/ipc_channel_win.cc, line 346

###!!! [Child][MessageChannel::SendAndWait] Error: Channel error: cannot send/recv

le:///C:/Program%20Files/Mozilla%20Firefox/omni.ja!/components/addonManager.js:65
1507034458898	Marionette	INFO	Enabled via --marionette
Unable to read VR Path Registry from C:\Users\franspaco\AppData\Local\openvr\openvrpaths.vrpath
[GPU 2152] WARNING: pipe error: 109: file c:/builds/moz2_slave/m-rel-w64-00000000000000000000/build/src/ipc/chromium/src/chrome/common/ipc_channel_win.cc, line 346
1507034460330	Marionette	INFO	Listening on port 59204
1507034460360	Marionette	WARN	TLS certificate errors will be ignored for this session
1507034460372	Marionette	INFO	Listening on port 59204
1507034460401	Marionette	DEBUG	loaded listener.js
1507034460428	Marionette	DEBUG	Received DOM event "beforeunload" for "about:blank"
1507034460539	Marionette	DEBUG	Received DOM event "pagehide" for "about:blank"
1507034460540	Marionette	DEBUG	Received DOM event "unload" for "about:blank"
1507034460660	Marionette	DEBUG	Received DOM event "DOMContentLoaded" for "http://nitrowriters.com/form/form.html"
1507034462257	Marionette	DEBUG	Received DOM event "pageshow" for "http://nitrowriters.com/form/form.html"
[GPU 2152] WARNING: pipe error: 109: file c:/builds/moz2_slave/m-rel-w64-00000000000000000000/build/src/ipc/chromium/src/chrome/common/ipc_channel_win.cc, line 346
Unable to read VR Path Registry from C:\Users\franspaco\AppData\Local\openvr\openvrpaths.vrpath
[Child 13524] WARNING: pipe error: 109: file c:/builds/moz2_slave/m-rel-w64-00000000000000000000/build/src/ipc/chromium/src/chrome/common/ipc_channel_win.cc, line 346

###!!! [Child][MessageChannel::SendAndWait] Error: Channel error: cannot send/recv

Unable to read VR Path Registry from C:\Users\franspaco\AppData\Local\openvr\openvrpaths.vrpath
1507034747067	geckodriver	INFO	geckodriver 0.19.0
1507034747072	geckodriver	INFO	Listening on 127.0.0.1:59435
1507034749156	mozrunner::runner	INFO	Running command: "C:\\Program Files\\Mozilla Firefox\\firefox.exe" "-marionette" "-profile" "C:\\Users\\FRANSP~1\\AppData\\Local\\Temp\\rust_mozprofile.XkWTshsUw83U"
1507034749323	addons.xpi	WARN	Error parsing extensions state: [Exception... "Component returned failure code: 0x80520012 (NS_ERROR_FILE_NOT_FOUND) [amIAddonManagerStartup.readStartupData]"  nsresult: "0x80520012 (NS_ERROR_FILE_NOT_FOUND)"  location: "JS frame :: resource://gre/modules/addons/XPIProvider.jsm :: loadExtensionState :: line 1596"  data: no] Stack trace: loadExtensionState()@resource://gre/modules/addons/XPIProvider.jsm:1596 < getInstallState()@resource://gre/modules/addons/XPIProvider.jsm:1631 < checkForChanges()@resource://gre/modules/addons/XPIProvider.jsm:3152 < startup()@resource://gre/modules/addons/XPIProvider.jsm:2246 < callProvider()@resource://gre/modules/AddonManager.jsm:271 < _startProvider()@resource://gre/modules/AddonManager.jsm:741 < startup()@resource://gre/modules/AddonManager.jsm:908 < startup()@resource://gre/modules/AddonManager.jsm:3122 < observe()@jar:file:///C:/Program%20Files/Mozilla%20Firefox/omni.ja!/components/addonManager.js:65
1507034749695	Marionette	INFO	Enabled via --marionette
Unable to read VR Path Registry from C:\Users\franspaco\AppData\Local\openvr\openvrpaths.vrpath
[GPU 14104] WARNING: pipe error: 109: file c:/builds/moz2_slave/m-rel-w64-00000000000000000000/build/src/ipc/chromium/src/chrome/common/ipc_channel_win.cc, line 346
1507034751055	Marionette	INFO	Listening on port 59441
1507034751067	Marionette	INFO	Listening on port 59441
1507034751174	Marionette	WARN	TLS certificate errors will be ignored for this session
1507034751235	Marionette	DEBUG	loaded listener.js
1507034751264	Marionette	DEBUG	Received DOM event "beforeunload" for "about:blank"
1507034751339	Marionette	DEBUG	Received DOM event "pagehide" for "about:blank"
1507034751339	Marionette	DEBUG	Received DOM event "unload" for "about:blank"
1507034751447	Marionette	DEBUG	Received DOM event "DOMContentLoaded" for "http://nitrowriters.com/form/form.html"
1507034752543	Marionette	DEBUG	Received DOM event "pageshow" for "http://nitrowriters.com/form/form.html"
[GPU 14104] WARNING: pipe error: 109: file c:/builds/moz2_slave/m-rel-w64-00000000000000000000/build/src/ipc/chromium/src/chrome/common/ipc_channel_win.cc, line 346
[GPU 14104] WARNING: pipe error: 109: file c:/builds/moz2_slave/m-rel-w64-00000000000000000000/build/src/ipc/chromium/src/chrome/common/ipc_channel_win.cc, line 346
[GPU 14104] WARNING: pipe error: 109: file c:/builds/moz2_slave/m-rel-w64-00000000000000000000/build/src/ipc/chromium/src/chrome/common/ipc_channel_win.cc, line 346
Unable to read VR Path Registry from C:\Users\franspaco\AppData\Local\openvr\openvrpaths.vrpath
[Child 14152] WARNING: pipe error: 109: file c:/builds/moz2_slave/m-rel-w64-00000000000000000000/build/src/ipc/chromium/src/chrome/common/ipc_channel_win.cc, line 346

###!!! [Child][MessageChannel::SendAndWait] Error: Channel error: cannot send/recv

Unable to read VR Path Registry from C:\Users\franspaco\AppData\Local\openvr\openvrpaths.vrpath
1507034793537	geckodriver	INFO	geckodriver 0.19.0
1507034793542	geckodriver	INFO	Listening on 127.0.0.1:59466
1507034795630	mozrunner::runner	INFO	Running command: "C:\\Program Files\\Mozilla Firefox\\firefox.exe" "-marionette" "-profile" "C:\\Users\\FRANSP~1\\AppData\\Local\\Temp\\rust_mozprofile.LQzYY3DjEhmg"
1507034795793	addons.xpi	WARN	Error parsing extensions state: [Exception... "Component returned failure code: 0x80520012 (NS_ERROR_FILE_NOT_FOUND) [amIAddonManagerStartup.readStartupData]"  nsresult: "0x80520012 (NS_ERROR_FILE_NOT_FOUND)"  location: "JS frame :: resource://gre/modules/addons/XPIProvider.jsm :: loadExtensionState :: line 1596"  data: no] Stack trace: loadExtensionState()@resource://gre/modules/addons/XPIProvider.jsm:1596 < getInstallState()@resource://gre/modules/addons/XPIProvider.jsm:1631 < checkForChanges()@resource://gre/modules/addons/XPIProvider.jsm:3152 < startup()@resource://gre/modules/addons/XPIProvider.jsm:2246 < callProvider()@resource://gre/modules/AddonManager.jsm:271 < _startProvider()@resource://gre/modules/AddonManager.jsm:741 < startup()@resource://gre/modules/AddonManager.jsm:908 < startup()@resource://gre/modules/AddonManager.jsm:3122 < observe()@jar:file:///C:/Program%20Files/Mozilla%20Firefox/omni.ja!/components/addonManager.js:65
1507034796181	Marionette	INFO	Enabled via --marionette
Unable to read VR Path Registry from C:\Users\franspaco\AppData\Local\openvr\openvrpaths.vrpath
[GPU 12620] WARNING: pipe error: 109: file c:/builds/moz2_slave/m-rel-w64-00000000000000000000/build/src/ipc/chromium/src/chrome/common/ipc_channel_win.cc, line 346
Unable to read VR Path Registry from C:\Users\franspaco\AppData\Local\openvr\openvrpaths.vrpath
[Parent 13628] WARNING: pipe error: 109: file c:/builds/moz2_slave/m-rel-w64-00000000000000000000/build/src/ipc/chromium/src/chrome/common/ipc_channel_win.cc, line 346
Unable to read VR Path Registry from C:\Users\franspaco\AppData\Local\openvr\openvrpaths.vrpath
[Child 11000] WARNING: pipe error: 109: file c:/builds/moz2_slave/m-rel-w64-00000000000000000000/build/src/ipc/chromium/src/chrome/common/ipc_channel_win.cc, line 346
[Child 11000] WARNING: pipe error: 109: file c:/builds/moz2_slave/m-rel-w64-00000000000000000000/build/src/ipc/chromium/src/chrome/common/ipc_channel_win.cc, line 346
1507034797672	Marionette	INFO	Listening on port 59473
1507034797682	Marionette	INFO	Listening on port 59473
1507034798744	Marionette	WARN	TLS certificate errors will be ignored for this session
1507034798773	Marionette	DEBUG	loaded listener.js
1507034798794	Marionette	DEBUG	Received DOM event "beforeunload" for "about:blank"
1507034798865	Marionette	DEBUG	Received DOM event "pagehide" for "about:blank"
1507034798865	Marionette	DEBUG	Received DOM event "unload" for "about:blank"
1507034798972	Marionette	DEBUG	Received DOM event "DOMContentLoaded" for "http://nitrowriters.com/form/form.html"
1507034800020	Marionette	DEBUG	Received DOM event "pageshow" for "http://nitrowriters.com/form/form.html"
[GPU 12620] WARNING: pipe error: 109: file c:/builds/moz2_slave/m-rel-w64-00000000000000000000/build/src/ipc/chromium/src/chrome/common/ipc_channel_win.cc, line 346
[GPU 12620] WARNING: pipe error: 109: file c:/builds/moz2_slave/m-rel-w64-00000000000000000000/build/src/ipc/chromium/src/chrome/common/ipc_channel_win.cc, line 346
[Parent 13628] WARNING: pipe error: 109: file c:/builds/moz2_slave/m-rel-w64-00000000000000000000/build/src/ipc/chromium/src/chrome/common/ipc_channel_win.cc, line 346
Unable to read VR Path Registry from C:\Users\franspaco\AppData\Local\openvr\openvrpaths.vrpath
[Child 1140] WARNING: pipe error: 109: file c:/builds/moz2_slave/m-rel-w64-00000000000000000000/build/src/ipc/chromium/src/chrome/common/ipc_channel_win.cc, line 346

###!!! [Child][MessageChannel::SendAndWait] Error: Channel error: cannot send/recv

1507034927231	geckodriver	INFO	geckodriver 0.19.0
1507034927236	geckodriver	INFO	Listening on 127.0.0.1:59507
1507034929329	mozrunner::runner	INFO	Running command: "C:\\Program Files\\Mozilla Firefox\\firefox.exe" "-marionette" "-profile" "C:\\Users\\FRANSP~1\\AppData\\Local\\Temp\\rust_mozprofile.BJpYFDhSTuU6"
1507034929498	addons.xpi	WARN	Error parsing extensions state: [Exception... "Component returned failure code: 0x80520012 (NS_ERROR_FILE_NOT_FOUND) [amIAddonManagerStartup.readStartupData]"  nsresult: "0x80520012 (NS_ERROR_FILE_NOT_FOUND)"  location: "JS frame :: resource://gre/modules/addons/XPIProvider.jsm :: loadExtensionState :: line 1596"  data: no] Stack trace: loadExtensionState()@resource://gre/modules/addons/XPIProvider.jsm:1596 < getInstallState()@resource://gre/modules/addons/XPIProvider.jsm:1631 < checkForChanges()@resource://gre/modules/addons/XPIProvider.jsm:3152 < startup()@resource://gre/modules/addons/XPIProvider.jsm:2246 < callProvider()@resource://gre/modules/AddonManager.jsm:271 < _startProvider()@resource://gre/modules/AddonManager.jsm:741 < startup()@resource://gre/modules/AddonManager.jsm:908 < startup()@resource://gre/modules/AddonManager.jsm:3122 < observe()@jar:file:///C:/Program%20Files/Mozilla%20Firefox/omni.ja!/components/addonManager.js:65
1507034929904	Marionette	INFO	Enabled via --marionette
Unable to read VR Path Registry from C:\Users\franspaco\AppData\Local\openvr\openvrpaths.vrpath
[GPU 11736] WARNING: pipe error: 109: file c:/builds/moz2_slave/m-rel-w64-00000000000000000000/build/src/ipc/chromium/src/chrome/common/ipc_channel_win.cc, line 346
Unable to read VR Path Registry from C:\Users\franspaco\AppData\Local\openvr\openvrpaths.vrpath
[Parent 14388] WARNING: pipe error: 109: file c:/builds/moz2_slave/m-rel-w64-00000000000000000000/build/src/ipc/chromium/src/chrome/common/ipc_channel_win.cc, line 346
Unable to read VR Path Registry from C:\Users\franspaco\AppData\Local\openvr\openvrpaths.vrpath
[Child 12568] WARNING: pipe error: 109: file c:/builds/moz2_slave/m-rel-w64-00000000000000000000/build/src/ipc/chromium/src/chrome/common/ipc_channel_win.cc, line 346
[Child 12568] WARNING: pipe error: 109: file c:/builds/moz2_slave/m-rel-w64-00000000000000000000/build/src/ipc/chromium/src/chrome/common/ipc_channel_win.cc, line 346
1507034931324	Marionette	INFO	Listening on port 59513
1507034931331	Marionette	INFO	Listening on port 59513
1507034931341	Marionette	WARN	TLS certificate errors will be ignored for this session
1507034931369	Marionette	DEBUG	loaded listener.js
1507034931387	Marionette	DEBUG	Received DOM event "beforeunload" for "about:blank"
1507034931483	Marionette	DEBUG	Received DOM event "pagehide" for "about:blank"
1507034931485	Marionette	DEBUG	Received DOM event "unload" for "about:blank"
1507034931628	Marionette	DEBUG	Received DOM event "DOMContentLoaded" for "http://nitrowriters.com/form/form.html"
1507034932687	Marionette	DEBUG	Received DOM event "pageshow" for "http://nitrowriters.com/form/form.html"
[GPU 11736] WARNING: pipe error: 109: file c:/builds/moz2_slave/m-rel-w64-00000000000000000000/build/src/ipc/chromium/src/chrome/common/ipc_channel_win.cc, line 346
[GPU 11736] WARNING: pipe error: 109: file c:/builds/moz2_slave/m-rel-w64-00000000000000000000/build/src/ipc/chromium/src/chrome/common/ipc_channel_win.cc, line 346

###!!! [Child][MessageChannel::SendAndWait] Error: Channel error: cannot send/recv

1507036011191	geckodriver	INFO	geckodriver 0.19.0
1507036011196	geckodriver	INFO	Listening on 127.0.0.1:59919
1507036013282	mozrunner::runner	INFO	Running command: "C:\\Program Files\\Mozilla Firefox\\firefox.exe" "-marionette" "-profile" "C:\\Users\\FRANSP~1\\AppData\\Local\\Temp\\rust_mozprofile.v1KH8z1Odwck"
1507036013453	addons.xpi	WARN	Error parsing extensions state: [Exception... "Component returned failure code: 0x80520012 (NS_ERROR_FILE_NOT_FOUND) [amIAddonManagerStartup.readStartupData]"  nsresult: "0x80520012 (NS_ERROR_FILE_NOT_FOUND)"  location: "JS frame :: resource://gre/modules/addons/XPIProvider.jsm :: loadExtensionState :: line 1596"  data: no] Stack trace: loadExtensionState()@resource://gre/modules/addons/XPIProvider.jsm:1596 < getInstallState()@resource://gre/modules/addons/XPIProvider.jsm:1631 < checkForChanges()@resource://gre/modules/addons/XPIProvider.jsm:3152 < startup()@resource://gre/modules/addons/XPIProvider.jsm:2246 < callProvider()@resource://gre/modules/AddonManager.jsm:271 < _startProvider()@resource://gre/modules/AddonManager.jsm:741 < startup()@resource://gre/modules/AddonManager.jsm:908 < startup()@resource://gre/modules/AddonManager.jsm:3122 < observe()@jar:file:///C:/Program%20Files/Mozilla%20Firefox/omni.ja!/components/addonManager.js:65
1507036013840	Marionette	INFO	Enabled via --marionette
Unable to read VR Path Registry from C:\Users\franspaco\AppData\Local\openvr\openvrpaths.vrpath
[GPU 2028] WARNING: pipe error: 109: file c:/builds/moz2_slave/m-rel-w64-00000000000000000000/build/src/ipc/chromium/src/chrome/common/ipc_channel_win.cc, line 346
1507036015246	Marionette	INFO	Listening on port 59925
1507036015257	Marionette	INFO	Listening on port 59925
1507036015294	Marionette	WARN	TLS certificate errors will be ignored for this session
1507036015321	Marionette	DEBUG	loaded listener.js
1507036015341	Marionette	DEBUG	Received DOM event "beforeunload" for "about:blank"
1507036015428	Marionette	DEBUG	Received DOM event "pagehide" for "about:blank"
1507036015428	Marionette	DEBUG	Received DOM event "unload" for "about:blank"
1507036015534	Marionette	DEBUG	Received DOM event "DOMContentLoaded" for "http://nitrowriters.com/form/form.html"
1507036016637	Marionette	DEBUG	Received DOM event "pageshow" for "http://nitrowriters.com/form/form.html"
Unable to read VR Path Registry from C:\Users\franspaco\AppData\Local\openvr\openvrpaths.vrpath
JavaScript error: resource://gre/modules/InlineSpellCheckerContent.jsm, line 56: TypeError: realSpellChecker is null
[GPU 2028] WARNING: pipe error: 109: file c:/builds/moz2_slave/m-rel-w64-00000000000000000000/build/src/ipc/chromium/src/chrome/common/ipc_channel_win.cc, line 346
[GPU 2028] WARNING: pipe error: 109: file c:/builds/moz2_slave/m-rel-w64-00000000000000000000/build/src/ipc/chromium/src/chrome/common/ipc_channel_win.cc, line 346
[GPU 2028] WARNING: pipe error: 109: file c:/builds/moz2_slave/m-rel-w64-00000000000000000000/build/src/ipc/chromium/src/chrome/common/ipc_channel_win.cc, line 346
[Child 12792] WARNING: pipe error: 109: file c:/builds/moz2_slave/m-rel-w64-00000000000000000000/build/src/ipc/chromium/src/chrome/common/ipc_channel_win.cc, line 346

###!!! [Child][MessageChannel::SendAndWait] Error: Channel error: cannot send/recv

Unable to read VR Path Registry from C:\Users\franspaco\AppData\Local\openvr\openvrpaths.vrpath
1507036057925	geckodriver	INFO	geckodriver 0.19.0
1507036057930	geckodriver	INFO	Listening on 127.0.0.1:59954
1507036060021	mozrunner::runner	INFO	Running command: "C:\\Program Files\\Mozilla Firefox\\firefox.exe" "-marionette" "-profile" "C:\\Users\\FRANSP~1\\AppData\\Local\\Temp\\rust_mozprofile.paxhLsE3Gqe9"
1507036060185	addons.xpi	WARN	Error parsing extensions state: [Exception... "Component returned failure code: 0x80520012 (NS_ERROR_FILE_NOT_FOUND) [amIAddonManagerStartup.readStartupData]"  nsresult: "0x80520012 (NS_ERROR_FILE_NOT_FOUND)"  location: "JS frame :: resource://gre/modules/addons/XPIProvider.jsm :: loadExtensionState :: line 1596"  data: no] Stack trace: loadExtensionState()@resource://gre/modules/addons/XPIProvider.jsm:1596 < getInstallState()@resource://gre/modules/addons/XPIProvider.jsm:1631 < checkForChanges()@resource://gre/modules/addons/XPIProvider.jsm:3152 < startup()@resource://gre/modules/addons/XPIProvider.jsm:2246 < callProvider()@resource://gre/modules/AddonManager.jsm:271 < _startProvider()@resource://gre/modules/AddonManager.jsm:741 < startup()@resource://gre/modules/AddonManager.jsm:908 < startup()@resource://gre/modules/AddonManager.jsm:3122 < observe()@jar:file:///C:/Program%20Files/Mozilla%20Firefox/omni.ja!/components/addonManager.js:65
1507036060569	Marionette	INFO	Enabled via --marionette
Unable to read VR Path Registry from C:\Users\franspaco\AppData\Local\openvr\openvrpaths.vrpath
[GPU 12520] WARNING: pipe error: 109: file c:/builds/moz2_slave/m-rel-w64-00000000000000000000/build/src/ipc/chromium/src/chrome/common/ipc_channel_win.cc, line 346
Unable to read VR Path Registry from C:\Users\franspaco\AppData\Local\openvr\openvrpaths.vrpath
[Parent 5956] WARNING: pipe error: 109: file c:/builds/moz2_slave/m-rel-w64-00000000000000000000/build/src/ipc/chromium/src/chrome/common/ipc_channel_win.cc, line 346
Unable to read VR Path Registry from C:\Users\franspaco\AppData\Local\openvr\openvrpaths.vrpath
[Child 15300] WARNING: pipe error: 109: file c:/builds/moz2_slave/m-rel-w64-00000000000000000000/build/src/ipc/chromium/src/chrome/common/ipc_channel_win.cc, line 346
[Child 15300] WARNING: pipe error: 109: file c:/builds/moz2_slave/m-rel-w64-00000000000000000000/build/src/ipc/chromium/src/chrome/common/ipc_channel_win.cc, line 346
1507036062063	Marionette	INFO	Listening on port 59960
1507036062069	Marionette	INFO	Listening on port 59960
1507036063164	Marionette	WARN	TLS certificate errors will be ignored for this session
1507036063249	Marionette	DEBUG	loaded listener.js
1507036063284	Marionette	DEBUG	Received DOM event "beforeunload" for "about:blank"
1507036063363	Marionette	DEBUG	Received DOM event "pagehide" for "about:blank"
1507036063364	Marionette	DEBUG	Received DOM event "unload" for "about:blank"
1507036063957	Marionette	DEBUG	Received DOM event "DOMContentLoaded" for "http://nitrowriters.com/form/form.html"
1507036065395	Marionette	DEBUG	Received DOM event "pageshow" for "http://nitrowriters.com/form/form.html"
[GPU 12520] WARNING: pipe error: 109: file c:/builds/moz2_slave/m-rel-w64-00000000000000000000/build/src/ipc/chromium/src/chrome/common/ipc_channel_win.cc, line 346
[Parent 5956] WARNING: pipe error: 109: file c:/builds/moz2_slave/m-rel-w64-00000000000000000000/build/src/ipc/chromium/src/chrome/common/ipc_channel_win.cc, line 346
Unable to read VR Path Registry from C:\Users\franspaco\AppData\Local\openvr\openvrpaths.vrpath
[Child 4496] WARNING: pipe error: 109: file c:/builds/moz2_slave/m-rel-w64-00000000000000000000/build/src/ipc/chromium/src/chrome/common/ipc_channel_win.cc, line 346

###!!! [Child][MessageChannel::SendAndWait] Error: Channel error: cannot send/recv

1507036083923	geckodriver	INFO	geckodriver 0.19.0
1507036083928	geckodriver	INFO	Listening on 127.0.0.1:60012
1507036086018	mozrunner::runner	INFO	Running command: "C:\\Program Files\\Mozilla Firefox\\firefox.exe" "-marionette" "-profile" "C:\\Users\\FRANSP~1\\AppData\\Local\\Temp\\rust_mozprofile.5tRHuZle2HLZ"
1507036086182	addons.xpi	WARN	Error parsing extensions state: [Exception... "Component returned failure code: 0x80520012 (NS_ERROR_FILE_NOT_FOUND) [amIAddonManagerStartup.readStartupData]"  nsresult: "0x80520012 (NS_ERROR_FILE_NOT_FOUND)"  location: "JS frame :: resource://gre/modules/addons/XPIProvider.jsm :: loadExtensionState :: line 1596"  data: no] Stack trace: loadExtensionState()@resource://gre/modules/addons/XPIProvider.jsm:1596 < getInstallState()@resource://gre/modules/addons/XPIProvider.jsm:1631 < checkForChanges()@resource://gre/modules/addons/XPIProvider.jsm:3152 < startup()@resource://gre/modules/addons/XPIProvider.jsm:2246 < callProvider()@resource://gre/modules/AddonManager.jsm:271 < _startProvider()@resource://gre/modules/AddonManager.jsm:741 < startup()@resource://gre/modules/AddonManager.jsm:908 < startup()@resource://gre/modules/AddonManager.jsm:3122 < observe()@jar:file:///C:/Program%20Files/Mozilla%20Firefox/omni.ja!/components/addonManager.js:65
1507036086529	Marionette	INFO	Enabled via --marionette
Unable to read VR Path Registry from C:\Users\franspaco\AppData\Local\openvr\openvrpaths.vrpath
[Parent 14976] WARNING: pipe error: 109: file c:/builds/moz2_slave/m-rel-w64-00000000000000000000/build/src/ipc/chromium/src/chrome/common/ipc_channel_win.cc, line 346
Unable to read VR Path Registry from C:\Users\franspaco\AppData\Local\openvr\openvrpaths.vrpath
[Child 3152] WARNING: pipe error: 109: file c:/builds/moz2_slave/m-rel-w64-00000000000000000000/build/src/ipc/chromium/src/chrome/common/ipc_channel_win.cc, line 346
[Child 3152] WARNING: pipe error: 109: file c:/builds/moz2_slave/m-rel-w64-00000000000000000000/build/src/ipc/chromium/src/chrome/common/ipc_channel_win.cc, line 346
1507036087942	Marionette	INFO	Listening on port 60018
1507036087955	Marionette	INFO	Listening on port 60018
1507036088028	Marionette	WARN	TLS certificate errors will be ignored for this session
1507036088056	Marionette	DEBUG	loaded listener.js
1507036088076	Marionette	DEBUG	Received DOM event "beforeunload" for "about:blank"
1507036088146	Marionette	DEBUG	Received DOM event "pagehide" for "about:blank"
1507036088147	Marionette	DEBUG	Received DOM event "unload" for "about:blank"
1507036088247	Marionette	DEBUG	Received DOM event "DOMContentLoaded" for "http://nitrowriters.com/form/form.html"
1507036089363	Marionette	DEBUG	Received DOM event "pageshow" for "http://nitrowriters.com/form/form.html"
Unable to read VR Path Registry from C:\Users\franspaco\AppData\Local\openvr\openvrpaths.vrpath
[GPU 4620] WARNING: pipe error: 109: file c:/builds/moz2_slave/m-rel-w64-00000000000000000000/build/src/ipc/chromium/src/chrome/common/ipc_channel_win.cc, line 346

###!!! [Child][MessageChannel::SendAndWait] Error: Channel error: cannot send/recv

1507037178439	geckodriver	INFO	geckodriver 0.19.0
1507037178443	geckodriver	INFO	Listening on 127.0.0.1:60155
1507037180519	mozrunner::runner	INFO	Running command: "C:\\Program Files\\Mozilla Firefox\\firefox.exe" "-marionette" "-profile" "C:\\Users\\FRANSP~1\\AppData\\Local\\Temp\\rust_mozprofile.jKJ3qgIRJrjc"
1507037180692	addons.xpi	WARN	Error parsing extensions state: [Exception... "Component returned failure code: 0x80520012 (NS_ERROR_FILE_NOT_FOUND) [amIAddonManagerStartup.readStartupData]"  nsresult: "0x80520012 (NS_ERROR_FILE_NOT_FOUND)"  location: "JS frame :: resource://gre/modules/addons/XPIProvider.jsm :: loadExtensionState :: line 1596"  data: no] Stack trace: loadExtensionState()@resource://gre/modules/addons/XPIProvider.jsm:1596 < getInstallState()@resource://gre/modules/addons/XPIProvider.jsm:1631 < checkForChanges()@resource://gre/modules/addons/XPIProvider.jsm:3152 < startup()@resource://gre/modules/addons/XPIProvider.jsm:2246 < callProvider()@resource://gre/modules/AddonManager.jsm:271 < _startProvider()@resource://gre/modules/AddonManager.jsm:741 < startup()@resource://gre/modules/AddonManager.jsm:908 < startup()@resource://gre/modules/AddonManager.jsm:3122 < observe()@jar:file:///C:/Program%20Files/Mozilla%20Firefox/omni.ja!/components/addonManager.js:65
1507037181055	Marionette	INFO	Enabled via --marionette
Unable to read VR Path Registry from C:\Users\franspaco\AppData\Local\openvr\openvrpaths.vrpath
[GPU 8676] WARNING: pipe error: 109: file c:/builds/moz2_slave/m-rel-w64-00000000000000000000/build/src/ipc/chromium/src/chrome/common/ipc_channel_win.cc, line 346
1507037182329	Marionette	INFO	Listening on port 60161
1507037182340	Marionette	INFO	Listening on port 60161
1507037182567	Marionette	WARN	TLS certificate errors will be ignored for this session
1507037182662	Marionette	DEBUG	loaded listener.js
1507037182686	Marionette	DEBUG	Received DOM event "beforeunload" for "about:blank"
1507037182835	Marionette	DEBUG	Received DOM event "pagehide" for "about:blank"
1507037182837	Marionette	DEBUG	Received DOM event "unload" for "about:blank"
1507037183070	Marionette	DEBUG	Received DOM event "DOMContentLoaded" for "http://nitrowriters.com/form/form.html"
1507037184128	Marionette	DEBUG	Received DOM event "pageshow" for "http://nitrowriters.com/form/form.html"
[GPU 8676] WARNING: pipe error: 109: file c:/builds/moz2_slave/m-rel-w64-00000000000000000000/build/src/ipc/chromium/src/chrome/common/ipc_channel_win.cc, line 346

###!!! [Child][MessageChannel::SendAndWait] Error: Channel error: cannot send/recv

Unable to read VR Path Registry from C:\Users\franspaco\AppData\Local\openvr\openvrpaths.vrpath
1507037202095	geckodriver	INFO	geckodriver 0.19.0
1507037202100	geckodriver	INFO	Listening on 127.0.0.1:60215
1507037204218	mozrunner::runner	INFO	Running command: "C:\\Program Files\\Mozilla Firefox\\firefox.exe" "-marionette" "-profile" "C:\\Users\\FRANSP~1\\AppData\\Local\\Temp\\rust_mozprofile.dewV7fCQhrdw"
1507037204386	addons.xpi	WARN	Error parsing extensions state: [Exception... "Component returned failure code: 0x80520012 (NS_ERROR_FILE_NOT_FOUND) [amIAddonManagerStartup.readStartupData]"  nsresult: "0x80520012 (NS_ERROR_FILE_NOT_FOUND)"  location: "JS frame :: resource://gre/modules/addons/XPIProvider.jsm :: loadExtensionState :: line 1596"  data: no] Stack trace: loadExtensionState()@resource://gre/modules/addons/XPIProvider.jsm:1596 < getInstallState()@resource://gre/modules/addons/XPIProvider.jsm:1631 < checkForChanges()@resource://gre/modules/addons/XPIProvider.jsm:3152 < startup()@resource://gre/modules/addons/XPIProvider.jsm:2246 < callProvider()@resource://gre/modules/AddonManager.jsm:271 < _startProvider()@resource://gre/modules/AddonManager.jsm:741 < startup()@resource://gre/modules/AddonManager.jsm:908 < startup()@resource://gre/modules/AddonManager.jsm:3122 < observe()@jar:file:///C:/Program%20Files/Mozilla%20Firefox/omni.ja!/components/addonManager.js:65
1507037204744	Marionette	INFO	Enabled via --marionette
Unable to read VR Path Registry from C:\Users\franspaco\AppData\Local\openvr\openvrpaths.vrpath
[GPU 8904] WARNING: pipe error: 109: file c:/builds/moz2_slave/m-rel-w64-00000000000000000000/build/src/ipc/chromium/src/chrome/common/ipc_channel_win.cc, line 346
Unable to read VR Path Registry from C:\Users\franspaco\AppData\Local\openvr\openvrpaths.vrpath
[Parent 8816] WARNING: pipe error: 109: file c:/builds/moz2_slave/m-rel-w64-00000000000000000000/build/src/ipc/chromium/src/chrome/common/ipc_channel_win.cc, line 346
Unable to read VR Path Registry from C:\Users\franspaco\AppData\Local\openvr\openvrpaths.vrpath
[Child 9528] WARNING: pipe error: 109: file c:/builds/moz2_slave/m-rel-w64-00000000000000000000/build/src/ipc/chromium/src/chrome/common/ipc_channel_win.cc, line 346
[Child 9528] WARNING: pipe error: 109: file c:/builds/moz2_slave/m-rel-w64-00000000000000000000/build/src/ipc/chromium/src/chrome/common/ipc_channel_win.cc, line 346
1507037206051	Marionette	INFO	Listening on port 60221
1507037206057	Marionette	INFO	Listening on port 60221
1507037206264	Marionette	WARN	TLS certificate errors will be ignored for this session
1507037206339	Marionette	DEBUG	loaded listener.js
1507037206380	Marionette	DEBUG	Received DOM event "beforeunload" for "about:blank"
1507037206454	Marionette	DEBUG	Received DOM event "pagehide" for "about:blank"
1507037206454	Marionette	DEBUG	Received DOM event "unload" for "about:blank"
1507037206585	Marionette	DEBUG	Received DOM event "DOMContentLoaded" for "http://nitrowriters.com/form/form.html"
1507037207653	Marionette	DEBUG	Received DOM event "pageshow" for "http://nitrowriters.com/form/form.html"
[GPU 8904] WARNING: pipe error: 109: file c:/builds/moz2_slave/m-rel-w64-00000000000000000000/build/src/ipc/chromium/src/chrome/common/ipc_channel_win.cc, line 346
[GPU 8904] WARNING: pipe error: 109: file c:/builds/moz2_slave/m-rel-w64-00000000000000000000/build/src/ipc/chromium/src/chrome/common/ipc_channel_win.cc, line 346
[GPU 8904] WARNING: pipe error: 109: file c:/builds/moz2_slave/m-rel-w64-00000000000000000000/build/src/ipc/chromium/src/chrome/common/ipc_channel_win.cc, line 346
Unable to read VR Path Registry from C:\Users\franspaco\AppData\Local\openvr\openvrpaths.vrpath
[Child 9848] WARNING: pipe error: 109: file c:/builds/moz2_slave/m-rel-w64-00000000000000000000/build/src/ipc/chromium/src/chrome/common/ipc_channel_win.cc, line 346
[Child 9848] WARNING: pipe error: 109: file c:/builds/moz2_slave/m-rel-w64-00000000000000000000/build/src/ipc/chromium/src/chrome/common/ipc_channel_win.cc, line 346

###!!! [Child][MessageChannel::SendAndWait] Error: Channel error: cannot send/recv

1507038496240	geckodriver	INFO	geckodriver 0.19.0
1507038496245	geckodriver	INFO	Listening on 127.0.0.1:60448
1507038498460	mozrunner::runner	INFO	Running command: "C:\\Program Files\\Mozilla Firefox\\firefox.exe" "-marionette" "-profile" "C:\\Users\\FRANSP~1\\AppData\\Local\\Temp\\rust_mozprofile.n0TsUWQv9wdH"
1507038498655	addons.xpi	WARN	Error parsing extensions state: [Exception... "Component returned failure code: 0x80520012 (NS_ERROR_FILE_NOT_FOUND) [amIAddonManagerStartup.readStartupData]"  nsresult: "0x80520012 (NS_ERROR_FILE_NOT_FOUND)"  location: "JS frame :: resource://gre/modules/addons/XPIProvider.jsm :: loadExtensionState :: line 1596"  data: no] Stack trace: loadExtensionState()@resource://gre/modules/addons/XPIProvider.jsm:1596 < getInstallState()@resource://gre/modules/addons/XPIProvider.jsm:1631 < checkForChanges()@resource://gre/modules/addons/XPIProvider.jsm:3152 < startup()@resource://gre/modules/addons/XPIProvider.jsm:2246 < callProvider()@resource://gre/modules/AddonManager.jsm:271 < _startProvider()@resource://gre/modules/AddonManager.jsm:741 < startup()@resource://gre/modules/AddonManager.jsm:908 < startup()@resource://gre/modules/AddonManager.jsm:3122 < observe()@jar:file:///C:/Program%20Files/Mozilla%20Firefox/omni.ja!/components/addonManager.js:65
1507038499043	Marionette	INFO	Enabled via --marionette
Unable to read VR Path Registry from C:\Users\franspaco\AppData\Local\openvr\openvrpaths.vrpath
[GPU 13244] WARNING: pipe error: 109: file c:/builds/moz2_slave/m-rel-w64-00000000000000000000/build/src/ipc/chromium/src/chrome/common/ipc_channel_win.cc, line 346
Unable to read VR Path Registry from C:\Users\franspaco\AppData\Local\openvr\openvrpaths.vrpath
[Parent 11080] WARNING: pipe error: 109: file c:/builds/moz2_slave/m-rel-w64-00000000000000000000/build/src/ipc/chromium/src/chrome/common/ipc_channel_win.cc, line 346
Unable to read VR Path Registry from C:\Users\franspaco\AppData\Local\openvr\openvrpaths.vrpath
[Child 6732] WARNING: pipe error: 109: file c:/builds/moz2_slave/m-rel-w64-00000000000000000000/build/src/ipc/chromium/src/chrome/common/ipc_channel_win.cc, line 346
[Child 6732] WARNING: pipe error: 109: file c:/builds/moz2_slave/m-rel-w64-00000000000000000000/build/src/ipc/chromium/src/chrome/common/ipc_channel_win.cc, line 346
1507038500432	Marionette	INFO	Listening on port 60454
1507038500447	Marionette	INFO	Listening on port 60454
1507038500486	Marionette	WARN	TLS certificate errors will be ignored for this session
1507038500529	Marionette	DEBUG	loaded listener.js
1507038500560	Marionette	DEBUG	Received DOM event "beforeunload" for "about:blank"
1507038500640	Marionette	DEBUG	Received DOM event "pagehide" for "about:blank"
1507038500640	Marionette	DEBUG	Received DOM event "unload" for "about:blank"
1507038500760	Marionette	DEBUG	Received DOM event "DOMContentLoaded" for "http://nitrowriters.com/form/form.html"
1507038502064	Marionette	DEBUG	Received DOM event "pageshow" for "http://nitrowriters.com/form/form.html"
[GPU 13244] WARNING: pipe error: 109: file c:/builds/moz2_slave/m-rel-w64-00000000000000000000/build/src/ipc/c1507038783847	mozrunner::runner	INFO	Running command: "C:\\Program Files\\Mozilla Firefox\\firefox.exe" "-marionette" "-profile" "C:\\Users\\FRANSP~1\\AppData\\Local\\Temp\\rust_mozprofile.b7B9JhbmoLGM"
1507038784074	addons.xpi	WARN	Error parsing extensions state: [Exception... "Component returned failure code: 0x80520012 (NS_ERROR_FILE_NOT_FOUND) [amIAddonManagerStartup.readStartupData]"  nsresult: "0x80520012 (NS_ERROR_FILE_NOT_FOUND)"  location: "JS frame :: resource://gre/modul
###!!! [Child][MessageChannel::SendAndWait] Error: Channel error: cannot send/recv

adExtensionState()@resource://gre/modules/addons/XPIProvider.jsm:1596 < getInstallState()@resource://gre/modules/addons/XPIProvider.jsm:1631 < checkForChanges()@resource://gre/modules/addons/XPIProvider.jsm:3152 < startup()@resource://gre/modules/addons/XPIProvider.jsm:2246 < callProvider()@resource://gre/modules/AddonManager.jsm:271 < _startProvider()@resource://gre/modules/AddonManager.jsm:741 < startup()@resource://gre/modules/AddonManager.jsm:908 < startup()@resource://gre/modules/AddonManager.jsm:3122 < observe()@jar:file:///C:/Program%20Files/Mozilla%20Firefox/omni.ja!/components/addonManager.js:65
1507038784505	Marionette	INFO	Enabled via --marionette
Unable to read VR Path Registry from C:\Users\franspaco\AppData\Local\openvr\openvrpaths.vrpath
[GPU 8176] WARNING: pipe error: 109: file c:/builds/moz2_slave/m-rel-w64-00000000000000000000/build/src/ipc/chromium/src/chrome/common/ipc_channel_win.cc, line 346
Unable to read VR Path Registry from C:\Users\franspaco\AppData\Local\openvr\openvrpaths.vrpath
[Child 8032] WARNING: pipe error: 109: file c:/builds/moz2_slave/m-rel-w64-00000000000000000000/build/src/ipc/chromium/src/chrome/common/ipc_channel_win.cc, line 346
[Child 8032] WARNING: pipe error: 109: file c:/builds/moz2_slave/m-rel-w64-00000000000000000000/build/src/ipc/chromium/src/chrome/common/ipc_channel_win.cc, line 346
1507038785888	Marionette	INFO	Listening on port 60625
1507038785895	Marionette	INFO	Listening on port 60625
1507038786959	Marionette	WARN	TLS certificate errors will be ignored for this session
1507038786983	Marionette	DEBUG	loaded listener.js
1507038787008	Marionette	DEBUG	Received DOM event "beforeunload" for "about:blank"
1507038787084	Marionette	DEBUG	Received DOM event "pagehide" for "about:blank"
1507038787084	Marionette	DEBUG	Received DOM event "unload" for "about:blank"
1507038787191	Marionette	DEBUG	Received DOM event "DOMContentLoaded" for "http://nitrowriters.com/form/form.html"
1507038788317	Marionette	DEBUG	Received DOM event "pageshow" for "http://nitrowriters.com/form/form.html"
[GPU 8176] WARNING: pipe error: 109: file c:/builds/moz2_slave/m-rel-w64-00000000000000000000/build/src/ipc/ch1507038821466	mozrunner::runner	INFO	Running command: "C:\\Program Files\\Mozilla Firefox\\firefox.exe" "-marionette" "-profile" "C:\\Users\\FRANSP~1\\AppData\\Local\\Temp\\rust_mozprofile.UYVO8DlDWrpU"
1507038821665	addons.xpi	WARN	Error parsing extensions state: [Exception... "Component returned failure code: 0x80520012 (NS_ERROR_FILE_NOT_FOUND) [amIAddonManagerStartup.readStartupData]"  nsresult: "0x80520012 (NS_ERROR_FILE_NOT_FOUND)"  location: "JS frame :: resource://gre/modules/a[GPU 8176] WARNING: pipe error: 109: file c:/builds/moz2_slave/m-rel-w64-00000000000000000000/build/src/ipc/chromium/src/chrome/common/ipc_channel_win.cc, line 346

###!!! [Child][MessageChannel::SendAndWait] Error: Channel error: cannot send/recv

://gre/modules/addons/XPIProvider.jsm:3152 < startup()@resource://gre/modules/addons/XPIProvider.jsm:2246 < callProvider()@resource://gre/modules/AddonManager.jsm:271 < _startProvider()@resource://gre/modules/AddonManager.jsm:741 < startup()@resource://gre/modules/AddonManager.jsm:908 < startup()@resource://gre/modules/AddonManager.jsm:3122 < observe()@jar:file:///C:/Program%20Files/Mozilla%20Firefox/omni.ja!/components/addonManager.js:65
1507038822085	Marionette	INFO	Enabled via --marionette
Unable to read VR Path Registry from C:\Users\franspaco\AppData\Local\openvr\openvrpaths.vrpath
[GPU 8444] WARNING: pipe error: 109: file c:/builds/moz2_slave/m-rel-w64-00000000000000000000/build/src/ipc/chromium/src/chrome/common/ipc_channel_win.cc, line 346
Unable to read VR Path Registry from C:\Users\franspaco\AppData\Local\openvr\openvrpaths.vrpath
[Child 6964] WARNING: pipe error: 109: file c:/builds/moz2_slave/m-rel-w64-00000000000000000000/build/src/ipc/chromium/src/chrome/common/ipc_channel_win.cc, line 346
1507038823523	Marionette	INFO	Listening on port 60793
1507038823536	Marionette	INFO	Listening on port 60793
1507038824596	Marionette	WARN	TLS certificate errors will be ignored for this session
1507038824685	Marionette	DEBUG	loaded listener.js
1507038824708	Marionette	DEBUG	Received DOM event "beforeunload" for "about:blank"
1507038824799	Marionette	DEBUG	Received DOM event "pagehide" for "about:blank"
1507038824799	Marionette	DEBUG	Received DOM event "unload" for "about:blank"
1507038824905	Marionette	DEBUG	Received DOM event "DOMContentLoaded" for "http://nitrowriters.com/form/form.html"
1507038826136	Marionette	DEBUG	Received DOM event "pageshow" for "http://nitrowriters.com/form/form.html"
[GPU 8444] WARNING: pipe error: 109: file c:/builds/moz2_slave/m-rel-w64-00000000000000000000/build/src/ipc/ch1507038876957	mozrunner::runner	INFO	Running command: "C:\\Program Files\\Mozilla Firefox\\firefox.exe" "-marionette" "-profile" "C:\\Users\\FRANSP~1\\AppData\\Local\\Temp\\rust_mozprofile.Drfxy4r6bFUf"
1507038877155	addons.xpi	WARN	Error parsing extensions state: [Exception... "Component returned failure code: 0x80520012 (NS_ERROR_FILE_NOT_FOUND) [amIAddonManagerStartup.readStartupData]"  nsresult: "0x80Unable to read VR Path Registry from C:\Users\franspaco\AppData\Local\openvr\openvrpaths.vrpath
er.jsm :: loadExtensionState :: line 1596"  data: no] Stack trace: loadExtensionState()@resource://gre/modules/addons/XPIProvider.jsm:1596 < getInstallState()@resource://gre/modules/addons/XPIProvider.jsm:1631 < checkForChanges()@resource://gre/modules/addons/XPIProvider.jsm:3152 < startup()@resource://gre/modules/addons/XPIProvider.jsm:2246 < callProvider()@resource://gre/modules/AddonManager.jsm:271 < _startProvider()@resource://gre/modules/AddonManager.jsm:741 < startup()@resource://gre/modules/AddonManager.jsm:908 < startup()@resource://gre/modules/AddonManager.jsm:3122 < observe()@jar:file:///C:/Program%20Files/Mozilla%20Firefox/omni.ja!/components/addonManager.js:65
1507038877558	Marionette	INFO	Enabled via --marionette
Unable to read VR Path Registry from C:\Users\franspaco\AppData\Local\openvr\openvrpaths.vrpath
[GPU 15104] WARNING: pipe error: 109: file c:/builds/moz2_slave/m-rel-w64-00000000000000000000/build/src/ipc/chromium/src/chrome/common/ipc_channel_win.cc, line 346
Unable to read VR Path Registry from C:\Users\franspaco\AppData\Local\openvr\openvrpaths.vrpath
[Child 9568] WARNING: pipe error: 109: file c:/builds/moz2_slave/m-rel-w64-00000000000000000000/build/src/ipc/chromium/src/chrome/common/ipc_channel_win.cc, line 346
1507038879097	Marionette	INFO	Listening on port 60856
1507038879126	Marionette	INFO	Listening on port 60856
1507038880081	Marionette	WARN	TLS certificate errors will be ignored for this session
1507038880173	Marionette	DEBUG	loaded listener.js
1507038880269	Marionette	DEBUG	Received DOM event "beforeunload" for "about:blank"
1507038880361	Marionette	DEBUG	Received DOM event "pagehide" for "about:blank"
1507038880362	Marionette	DEBUG	Received DOM event "unload" for "about:blank"
1507038880555	Marionette	DEBUG	Received DOM event "DOMContentLoaded" for "http://nitrowriters.com/form/form.html"
1507038881806	Marionette	DEBUG	Received DOM event "pageshow" for "http://nitrowriters.com/form/form.html"
[GPU 15104] WARNING: pipe error: 109: file c:/builds/moz2_slave/m-rel-w64-00000000000000000000/build/src/ipc/chromium/src/chrome/common/ipc_channel_win.cc, line 346
Unable to read VR Path Registry from C:\Users\franspaco\AppData\Local\openvr\openvrpaths.vrpath
[Parent 10844] WARNING: pipe error: 109: file c:/b1507039049645	addons.xpi	WARN	Error parsing extensions state: [Exception... "Component returned failure code: 0x80520012 (NS_ERROR_FILE_NOT_FOUND) [amIAddonManagerStartup.readStartupData]"  nsresult: "0x80520012 (NS_ERROR_FILE_NOT_FOUND)"  location: "JS frame :: resource://gre/modules/addons/XPIProvider.jsm :: loadExtensionState :: line 1596"  data: no] Stack trace: loadExtensionSt
###!!! [Child][MessageChannel::SendAndWait] Error: Channel error: cannot send/recv

gre/modules/addons/XPIProvider.jsm:1631 < checkForChanges()@resource://gre/modules/addons/XPIProvider.jsm:3152 < startup()@resource://gre/modules/addons/XPIProvider.jsm:2246 < callProvider()@resource://gre/modules/AddonManager.jsm:271 < _startProvider()@resource://gre/modules/AddonManager.jsm:741 < startup()@resource://gre/modules/AddonManager.jsm:908 < startup()@resource://gre/modules/AddonManager.jsm:3122 < observe()@jar:file:///C:/Program%20Files/Mozilla%20Firefox/omni.ja!/components/addonManager.js:65
1507039050174	Marionette	INFO	Enabled via --marionette
1507039051615	Marionette	INFO	Listening on port 60931
1507039051627	Marionette	INFO	Listening on port 60931
1507039052533	Marionette	WARN	TLS certificate errors will be ignored for this session
1507039052590	Marionette	DEBUG	loaded listener.js
1507039052659	Marionette	DEBUG	Received DOM event "beforeunload" for "about:blank"
1507039052733	Marionette	DEBUG	Received DOM event "pagehide" for "about:blank"
1507039052733	Marionette	DEBUG	Received DOM event "unload" for "about:blank"
1507039052855	Marionette	DEBUG	Received DOM event "DOMContentLoaded" for "http://nitrowriters.com/form/form.html"
1507039054060	Marionette	DEBUG	Received DOM event "pageshow" for "http://nitrowriters.com/form/form.html"
Unable to read VR Path Registry from C:\Users\franspaco\AppData\Local\openvr\openvrpaths.vrpath
[GPU 14064] W1507039117199	mozrunner::runner	INFO	Running command: "C:\\Program Files\\Mozilla Firefox\\firefox.exe" "-marionette" "-profile" "C:\\Users\\FRANSP~1\\AppData\\Local\\Temp\\rust_mozprofile.U2u72fK6Mxei"
1507039117416	addons.xpi	WARN	Error parsing extensions state: [Exception... "Component returned failure code: 0x80520012 (NS_ERROR_FILE_NOT_FOUND) [amIAddonManagerStartup.readStartupData]"  nsresult: "0x80520012 (NS_ERROR_FILE_NOT_FOUND)"  location: "JS frame :: resource://gre/modules/addons/XPIProvider.jsm :: loadExtensionState :: line 1596"  data: no] Stack trace: loadExtensionState()@resource://gre/modules/addons/XPIProvider.jsm:1596 < getInstallState()@resource://gre/modules/addons/XPIProvider.jsm:1631 < checkForChanges()@resource://gre/modules/addons/XPIProvider.jsm:3152 < startup()@resource://gre/modules/addons/XPIProvider.jsm:2246 < callProvider()@resource://gre/modules/AddonManager.jsm:271 < _startProvider()@resource://gre/modules/AddonManager.jsm:741 < startup()@resource://gre/modules/AddonManager.jsm:908 < startup()@resource://gre/modules/AddonManager.jsm:3122 < observe()@jar:file:///C:/Program%20Files/Mozilla%20Firefox/omni.ja!/components/addonManager.js:65
1507039117822	Marionette	INFO	Enabled via --marionette
Unable to read VR Path Registry from C:\Users\franspaco\AppData\Local\openvr\openvrpaths.vrpath
[GPU 6724] WARNING: pipe error: 109: file c:/builds/moz2_slave/m-rel-w64-00000000000000000000/build/src/ipc/chromium/src/chrome/common/ipc_channel_win.cc, line 346
1507039119117	Marionette	INFO	Listening on port 61092
1507039119123	Marionette	INFO	Listening on port 61092
1507039119229	Marionette	WARN	TLS certificate errors will be ignored for this session
1507039119346	Marionette	DEBUG	loaded listener.js
1507039119418	Marionette	DEBUG	Received DOM event "beforeunload" for "about:blank"
1507039119508	Marionette	DEBUG	Received DOM event "pagehide" for "about:blank"
1507039119510	Marionette	DEBUG	Received DOM event "unload" for "about:blank"
1507039119685	Marionette	DEBUG	Received DOM event "DOMContentLoaded" for "http://nitrowriters.com/form/form.html"
1507039120894	Marionette	DEBUG	Received DOM event "pageshow" for "http://nitrowriters.com/form/form.html"
[GPU 6724] WARNING: pipe error: 109: file c:/builds/moz2_slave/m-rel-w64-00000000000000000000/build/src/ipc/chromium/src/chrome/common/ipc_channel_win.cc, line 346

###!!! [Child][MessageChannel::SendAndWait] Error: Channel error: cannot send/recv

Unable to read VR Path Registry from C:\Users\franspaco\AppData\Local\openvr\openvrpaths.vrpath
arsing extensions state: [Exception... "Component returned failure code: 0x80520012 (NS_ERROR_FILE_NOT_FOUND) [amIAddonManagerStartup.readStartupData]"  nsresult: "0x80520012 (NS_ERROR_FILE_NOT_FOUND)"  location: "JS frame :: resource://gre/modules/addons/XPIProvider.jsm :: loadExtensionState :: line 1596"  data: no] Stack trace: loadExtensionState()@resource://gre/modules/addons/XPIProvider.jsm:1596 < getInstallState()@resource://gre/modules/addons/XPIProvider.jsm:1631 < checkForChanges()@resource://gre/modules/addons/XPIProvider.jsm:3152 < startup()@resource://gre/modules/addons/XPIProvider.jsm:2246 < callProvider()@resource://gre/modules/AddonManager.jsm:271 < _startProvider()@resource://gre/modules/AddonManager.jsm:741 < startup()@resource://gre/modules/AddonManager.jsm:908 < startup()@resource://gre/modules/AddonManager.jsm:3122 < observe()@jar:file:///C:/Program%20Files/Mozilla%20Firefox/omni.ja!/components/addonManager.js:65
1507040449935	Marionette	INFO	Enabled via --marionette
Unable to read VR Path Registry from C:\Users\franspaco\AppData\Local\openvr\openvrpaths.vrpath
[GPU 15180] WARNING: pipe error: 109: file c:/builds/moz2_slave/m-rel-w64-00000000000000000000/build/src/ipc/chromium/src/chrome/common/ipc_channel_win.cc, line 346
Unable to read VR Path Registry from C:\Users\franspaco\AppData\Local\openvr\openvrpaths.vrpath
[Child 4964] WARNING: pipe error: 109: file c:/builds/moz2_slave/m-rel-w64-00000000000000000000/build/src/ipc/chromium/src/chrome/common/ipc_channel_win.cc, line 346
[Child 4964] WARNING: pipe error: 109: file c:/builds/moz2_slave/m-rel-w64-00000000000000000000/build/src/ipc/chromium/src/chrome/common/ipc_channel_win.cc, line 346
1507040451469	Marionette	INFO	Listening on port 61399
1507040451476	Marionette	INFO	Listening on port 61399
1507040452496	Marionette	WARN	TLS certificate errors will be ignored for this session
1507040452538	Marionette	DEBUG	loaded listener.js
1507040452558	Marionette	DEBUG	Received DOM event "beforeunload" for "about:blank"
1507040452672	Marionette	DEBUG	Received DOM event "pagehide" for "about:blank"
1507040452672	Marionette	DEBUG	Received DOM event "unload" for "about:blank"
1507040452796	Marionette	DEBUG	Received DOM event "DOMContentLoaded" for "http://nitrowriters.com/form/form.html"
1507040453927	Marionette	DEBUG	Received DOM event "pageshow" for "http://nitrowriters.com/form/form.html"
[GPU 15180] WARNING: pipe error: 109: file c:/builds/moz2_slave/m-rel-w64-00000000000000000000/build/src/ipc/chromium/src/chrome/common/ipc_channel_win.cc, line 346
[GPU 15180] WARNING: pipe error: 109: file c:/builds/moz2_slave/m-rel-w64-00000000000000000000/build/src/ipc/chromium/src/chrome/common/ipc_channel_win.cc, line 346
Unable to read VR Path Registry from C:\Users\franspaco\AppData\Local\openvr\openvrpaths.vrpath
[Parent 9616] WARNING: pipe error: 109: file c:/builds/moz2_slave/m-rel-w64-00000000000000000000/build/src/ipc/chromium/src/chrome/common/ipc_channel_win.cc, line 346
Unable to read VR Path Registry from C:\Users\franspaco\AppData\Local\openvr\openvrpaths.vrpath
[Child 8808] WARNING: pipe error: 109: file c:/builds/moz2_slave/m-rel-w64-00000000000000000000/build/src/ipc/chromium/src/chrome/common/ipc_channel_win.cc, line 346

###!!! [Child][MessageChannel::SendAndWait] Error: Channel error: cannot send/recv

1507040539537	geckodriver	INFO	geckodriver 0.19.0
1507040539542	geckodriver	INFO	Listening on 127.0.0.1:61575
1507040541717	mozrunner::runner	INFO	Running command: "C:\\Program Files\\Mozilla Firefox\\firefox.exe" "-marionette" "-profile" "C:\\Users\\FRANSP~1\\AppData\\Local\\Temp\\rust_mozprofile.0pNwv5RHhpZz"
1507040541911	addons.xpi	WARN	Error parsing extensions state: [Exception... "Component returned failure code: 0x80520012 (NS_ERROR_FILE_NOT_FOUND) [amIAddonManagerStartup.readStartupData]"  nsresult: "0x80520012 (NS_ERROR_FILE_NOT_FOUND)"  location: "JS frame :: resource://gre/modules/addons/XPIProvider.jsm :: loadExtensionState :: line 1596"  data: no] Stack trace: loadExtensionState()@resource://gre/modules/addons/XPIProvider.jsm:1596 < getInstallState()@resource://gre/modules/addons/XPIProvider.jsm:1631 < checkForChanges()@resource://gre/modules/addons/XPIProvider.jsm:3152 < startup()@resource://gre/modules/addons/XPIProvider.jsm:2246 < callProvider()@resource://gre/modules/AddonManager.jsm:271 < _startProvider()@resource://gre/modules/AddonManager.jsm:741 < startup()@resource://gre/modules/AddonManager.jsm:908 < startup()@resource://gre/modules/AddonManager.jsm:3122 < observe()@jar:file:///C:/Program%20Files/Mozilla%20Firefox/omni.ja!/components/addonManager.js:65
1507040542282	Marionette	INFO	Enabled via --marionette
Unable to read VR Path Registry from C:\Users\franspaco\AppData\Local\openvr\openvrpaths.vrpath
[GPU 13340] WARNING: pipe error: 109: file c:/builds/moz2_slave/m-rel-w64-00000000000000000000/build/src/ipc/chromium/src/chrome/common/ipc_channel_win.cc, line 346
Unable to read VR Path Registry from C:\Users\franspaco\AppData\Local\openvr\openvrpaths.vrpath
[Parent 10776] WARNING: pipe error: 109: file c:/builds/moz2_slave/m-rel-w64-00000000000000000000/build/src/ipc/chromium/src/chrome/common/ipc_channel_win.cc, line 346
Unable to read VR Path Registry from C:\Users\franspaco\AppData\Local\openvr\openvrpaths.vrpath
[Child 12400] WARNING: pipe error: 109: file c:/builds/moz2_slave/m-rel-w64-00000000000000000000/build/src/ipc/chromium/src/chrome/common/ipc_channel_win.cc, line 346
[Child 12400] WARNING: pipe error: 109: file c:/builds/moz2_slave/m-rel-w64-00000000000000000000/build/src/ipc/chromium/src/chrome/common/ipc_channel_win.cc, line 346
1507040543678	Marionette	INFO	Listening on port 61581
1507040543686	Marionette	INFO	Listening on port 61581
1507040543731	Marionette	WARN	TLS certificate errors will be ignored for this session
1507040543762	Marionette	DEBUG	loaded listener.js
1507040543778	Marionette	DEBUG	Received DOM event "beforeunload" for "about:blank"
1507040543870	Marionette	DEBUG	Received DOM event "pagehide" for "about:blank"
1507040543870	Marionette	DEBUG	Received DOM event "unload" for "about:blank"
1507040543990	Marionette	DEBUG	Received DOM event "DOMContentLoaded" for "http://nitrowriters.com/form/form.html"
1507040545093	Marionette	DEBUG	Received DOM event "pageshow" for "http://nitrowriters.com/form/form.html"
